<?xml version="1.0" encoding="UTF-8"?>
<testng-results ignored="0" total="3" passed="3" failed="0" skipped="0">
  <reporter-output>
  </reporter-output>
  <suite started-at="2023-04-19T13:28:37 IST" name="Default suite" finished-at="2023-04-19T13:31:55 IST" duration-ms="197653">
    <groups>
      <group name="cucumber">
        <method signature="AbstractTestNGCucumberTests.runScenario(io.cucumber.testng.PickleWrapper,io.cucumber.testng.FeatureWrapper)[pri:0, instance:runner.CucumberRunnerTests@121314f7]" name="runScenario" class="io.cucumber.testng.AbstractTestNGCucumberTests"/>
      </group> <!-- cucumber -->
    </groups>
    <test started-at="2023-04-19T13:28:37 IST" name="Default test" finished-at="2023-04-19T13:31:55 IST" duration-ms="197653">
      <class name="runner.CucumberRunnerTests">
        <test-method is-config="true" signature="setUpClass(org.testng.ITestContext)[pri:0, instance:runner.CucumberRunnerTests@121314f7]" started-at="2023-04-19T13:28:37 IST" name="setUpClass" finished-at="2023-04-19T13:28:38 IST" duration-ms="761" status="PASS">
          <params>
            <param index="0">
              <value>
                <![CDATA[org.testng.TestRunner@113e13f9]]>
              </value>
            </param>
          </params>
          <reporter-output>
          </reporter-output>
        </test-method> <!-- setUpClass -->
        <test-method signature="runScenario(io.cucumber.testng.PickleWrapper,io.cucumber.testng.FeatureWrapper)[pri:0, instance:runner.CucumberRunnerTests@121314f7]" started-at="2023-04-19T13:28:38 IST" name="runScenario" description="Runs Cucumber Scenarios" data-provider="scenarios" finished-at="2023-04-19T13:30:25 IST" duration-ms="107005" status="PASS">
          <params>
            <param index="0">
              <value>
                <![CDATA["Add Jobs"]]>
              </value>
            </param>
            <param index="1">
              <value>
                <![CDATA["Iam doing automation funcationality of Add Jobs,Add Nationality and Add Skills in orange HRM application"]]>
              </value>
            </param>
          </params>
          <reporter-output>
          </reporter-output>
        </test-method> <!-- runScenario -->
        <test-method signature="runScenario(io.cucumber.testng.PickleWrapper,io.cucumber.testng.FeatureWrapper)[pri:0, instance:runner.CucumberRunnerTests@121314f7]" started-at="2023-04-19T13:30:25 IST" name="runScenario" description="Runs Cucumber Scenarios" data-provider="scenarios" finished-at="2023-04-19T13:31:11 IST" duration-ms="45858" status="PASS">
          <params>
            <param index="0">
              <value>
                <![CDATA["Add Jobs"]]>
              </value>
            </param>
            <param index="1">
              <value>
                <![CDATA["Iam doing automation funcationality of Add Jobs,Add Nationality and Add Skills in orange HRM application"]]>
              </value>
            </param>
          </params>
          <reporter-output>
          </reporter-output>
        </test-method> <!-- runScenario -->
        <test-method signature="runScenario(io.cucumber.testng.PickleWrapper,io.cucumber.testng.FeatureWrapper)[pri:0, instance:runner.CucumberRunnerTests@121314f7]" started-at="2023-04-19T13:31:11 IST" name="runScenario" description="Runs Cucumber Scenarios" data-provider="scenarios" finished-at="2023-04-19T13:31:55 IST" duration-ms="43899" status="PASS">
          <params>
            <param index="0">
              <value>
                <![CDATA["Add Jobs"]]>
              </value>
            </param>
            <param index="1">
              <value>
                <![CDATA["Iam doing automation funcationality of Add Jobs,Add Nationality and Add Skills in orange HRM application"]]>
              </value>
            </param>
          </params>
          <reporter-output>
          </reporter-output>
        </test-method> <!-- runScenario -->
        <test-method is-config="true" signature="tearDownClass()[pri:0, instance:runner.CucumberRunnerTests@121314f7]" started-at="2023-04-19T13:31:55 IST" name="tearDownClass" finished-at="2023-04-19T13:31:55 IST" duration-ms="20" status="PASS">
          <reporter-output>
          </reporter-output>
        </test-method> <!-- tearDownClass -->
      </class> <!-- runner.CucumberRunnerTests -->
    </test> <!-- Default test -->
  </suite> <!-- Default suite -->
</testng-results>
